This is pdfeTeXk, Version 3.141592-1.21a-2.2 (Web2C 7.5.4) (format=pdflatex 2005.9.6)  25 APR 2006 02:58
entering extended mode
 file:line:error style messages enabled.
**/mnt/win_f/Hons/bcs/gawk.tex
(/mnt/win_f/Hons/bcs/gawk.tex
LaTeX2e <2003/12/01>
Babel <v3.8d> and hyphenation patterns for american, french, german, ngerman, b
ahasa, basque, bulgarian, catalan, croatian, czech, danish, dutch, esperanto, e
stonian, finnish, greek, icelandic, irish, italian, latin, magyar, norsk, polis
h, portuges, romanian, russian, serbian, slovak, slovene, spanish, swedish, tur
kish, ukrainian, nohyphenation, loaded.
(/usr/share/texmf/tex/latex/base/article.cls
Document Class: article 2004/02/16 v1.4f Standard LaTeX document class
(/usr/share/texmf/tex/latex/base/size11.clo
File: size11.clo 2004/02/16 v1.4f Standard LaTeX file (size option)
)
\c@part=\count79
\c@section=\count80
\c@subsection=\count81
\c@subsubsection=\count82
\c@paragraph=\count83
\c@subparagraph=\count84
\c@figure=\count85
\c@table=\count86
\abovecaptionskip=\skip41
\belowcaptionskip=\skip42
\bibindent=\dimen102
) (./gawk.aux)
\openout1 = `gawk.aux'.

LaTeX Font Info:    Checking defaults for OML/cmm/m/it on input line 5.
LaTeX Font Info:    ... okay on input line 5.
LaTeX Font Info:    Checking defaults for T1/cmr/m/n on input line 5.
LaTeX Font Info:    ... okay on input line 5.
LaTeX Font Info:    Checking defaults for OT1/cmr/m/n on input line 5.
LaTeX Font Info:    ... okay on input line 5.
LaTeX Font Info:    Checking defaults for OMS/cmsy/m/n on input line 5.
LaTeX Font Info:    ... okay on input line 5.
LaTeX Font Info:    Checking defaults for OMX/cmex/m/n on input line 5.
LaTeX Font Info:    ... okay on input line 5.
LaTeX Font Info:    Checking defaults for U/cmr/m/n on input line 5.
LaTeX Font Info:    ... okay on input line 5.
LaTeX Font Info:    External font `cmex10' loaded for size
(Font)              <12> on input line 6.
LaTeX Font Info:    External font `cmex10' loaded for size
(Font)              <8> on input line 6.
LaTeX Font Info:    External font `cmex10' loaded for size
(Font)              <6> on input line 6.
 [1

{/usr/share/texmf-var/fonts/map/pdftex/updmap/pdftex.map}] [1] [2] [3] [4] (./g
awk.aux) ) 
Here is how much of TeX's memory you used:
 237 strings out of 94500
 2534 string characters out of 1169432
 51348 words of memory out of 4000000
 3476 multiletter control sequences out of 10000+50000
 8709 words of font info for 31 fonts, out of 500000 for 2000
 580 hyphenation exceptions out of 1000
 21i,6n,19p,244b,239s stack positions out of 3000i,1500n,5000p,200000b,15000s
PDF statistics:
 37 PDF objects out of 300000
 0 named destinations out of 131072
 1 words of extra memory for PDF output out of 65536
</usr/share/texmf/fonts/type1/bluesky/cm/cmti10.pfb></usr/share/texmf
/fonts/type1/bluesky/cm/cmr10.pfb></usr/share/texmf/fonts/type1/bluesky/cm/cmtt
10.pfb></usr/share/texmf/fonts/type1/bluesky/cm/cmbx10.pfb></usr/share/texmf/fo
nts/type1/bluesky/cm/cmbx12.pfb></usr/share/texmf/fonts/type1/bluesky/cm/cmr12.
pfb></usr/share/texmf/fonts/type1/bluesky/cm/cmr17.pfb>
Output written on gawk.pdf (5 pages, 54760 bytes).
