This is pdfeTeXk, Version 3.141592-1.21a-2.2 (Web2C 7.5.4) (format=pdflatex 2005.9.6)  26 JUN 2006 19:27
entering extended mode
 file:line:error style messages enabled.
**"/mnt/f/Hons/ai/projek 2/report.tex"
(/mnt/f/Hons/ai/projek 2/report.tex
LaTeX2e <2003/12/01>
Babel <v3.8d> and hyphenation patterns for american, french, german, ngerman, b
ahasa, basque, bulgarian, catalan, croatian, czech, danish, dutch, esperanto, e
stonian, finnish, greek, icelandic, irish, italian, latin, magyar, norsk, polis
h, portuges, romanian, russian, serbian, slovak, slovene, spanish, swedish, tur
kish, ukrainian, nohyphenation, loaded.
(/usr/share/texmf/tex/latex/base/article.cls
Document Class: article 2004/02/16 v1.4f Standard LaTeX document class
(/usr/share/texmf/tex/latex/base/size11.clo
File: size11.clo 2004/02/16 v1.4f Standard LaTeX file (size option)
)
\c@part=\count79
\c@section=\count80
\c@subsection=\count81
\c@subsubsection=\count82
\c@paragraph=\count83
\c@subparagraph=\count84
\c@figure=\count85
\c@table=\count86
\abovecaptionskip=\skip41
\belowcaptionskip=\skip42
\bibindent=\dimen102
)
(/usr/share/texmf/tex/latex/graphics/graphicx.sty
Package: graphicx 1999/02/16 v1.0f Enhanced LaTeX Graphics (DPC,SPQR)

(/usr/share/texmf/tex/latex/graphics/keyval.sty
Package: keyval 1999/03/16 v1.13 key=value parser (DPC)
\KV@toks@=\toks14
)
(/usr/share/texmf/tex/latex/graphics/graphics.sty
Package: graphics 2001/07/07 v1.0n Standard LaTeX Graphics (DPC,SPQR)

(/usr/share/texmf/tex/latex/graphics/trig.sty
Package: trig 1999/03/16 v1.09 sin cos tan (DPC)
)
(/usr/share/texmf/tex/latex/graphics/graphics.cfg
File: graphics.cfg 2005/02/03 v1.3 graphics configuration of teTeX/TeXLive
)
Package graphics Info: Driver file: pdftex.def on input line 80.

(/usr/share/texmf/tex/latex/graphics/pdftex.def
File: pdftex.def 2002/06/19 v0.03k graphics/color for pdftex
\Gread@gobject=\count87
))
\Gin@req@height=\dimen103
\Gin@req@width=\dimen104
) (./report.aux)
\openout1 = `report.aux'.

LaTeX Font Info:    Checking defaults for OML/cmm/m/it on input line 5.
LaTeX Font Info:    ... okay on input line 5.
LaTeX Font Info:    Checking defaults for T1/cmr/m/n on input line 5.
LaTeX Font Info:    ... okay on input line 5.
LaTeX Font Info:    Checking defaults for OT1/cmr/m/n on input line 5.
LaTeX Font Info:    ... okay on input line 5.
LaTeX Font Info:    Checking defaults for OMS/cmsy/m/n on input line 5.
LaTeX Font Info:    ... okay on input line 5.
LaTeX Font Info:    Checking defaults for OMX/cmex/m/n on input line 5.
LaTeX Font Info:    ... okay on input line 5.
LaTeX Font Info:    Checking defaults for U/cmr/m/n on input line 5.
LaTeX Font Info:    ... okay on input line 5.

(/usr/share/texmf/tex/context/base/supp-pdf.tex
(/usr/share/texmf/tex/context/base/supp-mis.tex
loading : Context Support Macros / Miscellaneous (2004.10.26)
\protectiondepth=\count88
\scratchcounter=\count89
\scratchtoks=\toks15
\scratchdimen=\dimen105
\scratchskip=\skip43
\scratchmuskip=\muskip10
\scratchbox=\box26
\scratchread=\read1
\scratchwrite=\write3
\zeropoint=\dimen106
\onepoint=\dimen107
\onebasepoint=\dimen108
\minusone=\count90
\thousandpoint=\dimen109
\onerealpoint=\dimen110
\emptytoks=\toks16
\nextbox=\box27
\nextdepth=\dimen111
\everyline=\toks17
\!!counta=\count91
\!!countb=\count92
\recursecounter=\count93
)
loading : Context Support Macros / PDF (2004.03.26)
\nofMPsegments=\count94
\nofMParguments=\count95
\MPscratchCnt=\count96
\MPscratchDim=\dimen112
\MPnumerator=\count97
\everyMPtoPDFconversion=\toks18
)
LaTeX Font Info:    External font `cmex10' loaded for size
(Font)              <12> on input line 6.
LaTeX Font Info:    External font `cmex10' loaded for size
(Font)              <8> on input line 6.
LaTeX Font Info:    External font `cmex10' loaded for size
(Font)              <6> on input line 6.
 [1

{/usr/share/texmf-var/fonts/map/pdftex/updmap/pdftex.map}] (./report.toc
LaTeX Font Info:    External font `cmex10' loaded for size
(Font)              <10.95> on input line 3.
)
\tf@toc=\write4
\openout4 = `report.toc'.


[1] <4c.png, id=26, 1606.0pt x 1204.5pt>
File: 4c.png Graphic file (type png)
 <use 4c.png> [2] [3 <./4c.png>]
Overfull \hbox (88.39764pt too wide) in paragraph at lines 266--266
[]\OT1/cmtt/m/n/10.95 Splitting node on attribute relationship:cat with info ga
in:0.2083920482581514[] 
 []


Overfull \hbox (88.39764pt too wide) in paragraph at lines 266--266
[]\OT1/cmtt/m/n/10.95 Splitting node on attribute capital-gain:num with info ga
in:0.7665319910075196[] 
 []


Overfull \hbox (94.14633pt too wide) in paragraph at lines 266--266
[]\OT1/cmtt/m/n/10.95 Splitting node on attribute education-num:num with info g
ain:0.7775509808550003[] 
 []

[4]
Overfull \hbox (99.89502pt too wide) in paragraph at lines 266--266
[]\OT1/cmtt/m/n/10.95 Splitting node on attribute hours-per-week:num with info 
gain:0.8552661998183919[] 
 []


Overfull \hbox (36.65945pt too wide) in paragraph at lines 266--266
[]\OT1/cmtt/m/n/10.95 Splitting node on attribute age:num with info gain:0.8880
657176818849[] 
 []


Overfull \hbox (53.90552pt too wide) in paragraph at lines 266--266
[]\OT1/cmtt/m/n/10.95 Splitting node on attribute fnlwgt:num with info gain:0.9
374324322414234[] 
 []


Overfull \hbox (88.39764pt too wide) in paragraph at lines 266--266
[]\OT1/cmtt/m/n/10.95 Splitting node on attribute capital-loss:num with info ga
in:0.9682976987277503[] 
 []


Overfull \hbox (82.64896pt too wide) in paragraph at lines 266--266
[]\OT1/cmtt/m/n/10.95 Splitting node on attribute occupation:cat with info gain
:0.17452764547513847[] 
 []

[5]
Overfull \hbox (105.6437pt too wide) in paragraph at lines 266--266
[]\OT1/cmtt/m/n/10.95 Splitting node on attribute marital-status:cat with info 
gain:0.34721279156628326[] 
 []


Overfull \hbox (71.15158pt too wide) in paragraph at lines 266--266
[]\OT1/cmtt/m/n/10.95 Splitting node on attribute workclass:cat with info gain:
0.4316398595974942[] 
 []


Overfull \hbox (76.90027pt too wide) in paragraph at lines 266--266
[]\OT1/cmtt/m/n/10.95 Splitting node on attribute education:cat with info gain:
0.13233017820850285[] 
 []


Overfull \hbox (53.90552pt too wide) in paragraph at lines 266--266
[]\OT1/cmtt/m/n/10.95 Splitting node on attribute sex:bool with info gain:0.029
891800801240345[] 
 []


Overfull \hbox (111.3924pt too wide) in paragraph at lines 266--266
[]\OT1/cmtt/m/n/10.95 Splitting node on attribute native-country:cat with info 
gain:0.034249985523887604[] 
 []

[6]
Overfull \hbox (53.90552pt too wide) in paragraph at lines 266--266
[]\OT1/cmtt/m/n/10.95 Splitting node on attribute race:cat with info gain:0.017
785124549207148[] 
 []

[7] [8] (./report.aux) ) 
Here is how much of TeX's memory you used:
 917 strings out of 94500
 10979 string characters out of 1169432
 59854 words of memory out of 4000000
 4125 multiletter control sequences out of 10000+50000
 9325 words of font info for 33 fonts, out of 500000 for 2000
 580 hyphenation exceptions out of 1000
 25i,6n,19p,759b,246s stack positions out of 3000i,1500n,5000p,200000b,15000s
PDF statistics:
 51 PDF objects out of 300000
 0 named destinations out of 131072
 6 words of extra memory for PDF output out of 65536
</usr/share/texmf/fonts/type1/bluesky/cm/cmtt10.pfb></u
sr/share/texmf/fonts/type1/bluesky/cm/cmti10.pfb></usr/share/texmf/fonts/type1/
bluesky/cm/cmr10.pfb></usr/share/texmf/fonts/type1/bluesky/cm/cmbx10.pfb></usr/
share/texmf/fonts/type1/bluesky/cm/cmbx12.pfb></usr/share/texmf/fonts/type1/blu
esky/cm/cmr12.pfb></usr/share/texmf/fonts/type1/bluesky/cm/cmr17.pfb>
Output written on report.pdf (9 pages, 263483 bytes).
