This is pdfTeX, Version 3.14159-14f-released-20000525 (MiKTeX 2.1) (preloaded format=latex 2000.11.28)  28 APR 2006 10:50
**F:/Hons/Automata/Projek*5/report.tex
(F:/Hons/Automata/Projek 5/report.tex{pdftex.cfg}
LaTeX2e <2001/06/01>
Babel <v3.7h> and hyphenation patterns for english, french, german, ngerman, du
mylang, nohyphenation, loaded.
(C:\texmf\tex\latex\base\article.cls
Document Class: article 2001/04/21 v1.4e Standard LaTeX document class
(C:\texmf\tex\latex\base\size11.clo
File: size11.clo 2001/04/21 v1.4e Standard LaTeX file (size option)
)
\c@part=\count79
\c@section=\count80
\c@subsection=\count81
\c@subsubsection=\count82
\c@paragraph=\count83
\c@subparagraph=\count84
\c@figure=\count85
\c@table=\count86
\abovecaptionskip=\skip41
\belowcaptionskip=\skip42
\bibindent=\dimen102
) (C:\texmf\tex\latex\graphics\graphicx.sty
Package: graphicx 1999/02/16 v1.0f Enhanced LaTeX Graphics (DPC,SPQR)
(C:\texmf\tex\latex\graphics\keyval.sty
Package: keyval 1999/03/16 v1.13 key=value parser (DPC)
\KV@toks@=\toks14
)
(C:\texmf\tex\latex\graphics\graphics.sty
Package: graphics 2001/07/07 v1.0n Standard LaTeX Graphics (DPC,SPQR)
 (C:\texmf\tex\latex\graphics\trig.sty
Package: trig 1999/03/16 v1.09 sin cos tan (DPC)
) (C:\texmf\tex\latex\00miktex\graphics.cfg)
Package graphics Info: Driver file: pdftex.def on input line 80.

(C:\texmf\tex\latex\graphics\pdftex.def
File: pdftex.def 2001/11/29 v0.03i graphics/color for pdftex
\Gread@gobject=\count87
))
\Gin@req@height=\dimen103
\Gin@req@width=\dimen104
) (report.aux

LaTeX Warning: Label `Figure:figex' multiply defined.


LaTeX Warning: Label `Figure:figex' multiply defined.


LaTeX Warning: Label `Figure:figex' multiply defined.


LaTeX Warning: Label `Figure:figex' multiply defined.


LaTeX Warning: Label `Figure:figex' multiply defined.


LaTeX Warning: Label `Figure:figex' multiply defined.


LaTeX Warning: Label `Figure:figex' multiply defined.


LaTeX Warning: Label `Figure:figex' multiply defined.

)
LaTeX Font Info:    Checking defaults for OML/cmm/m/it on input line 5.
LaTeX Font Info:    ... okay on input line 5.
LaTeX Font Info:    Checking defaults for T1/cmr/m/n on input line 5.
LaTeX Font Info:    ... okay on input line 5.
LaTeX Font Info:    Checking defaults for OT1/cmr/m/n on input line 5.
LaTeX Font Info:    ... okay on input line 5.
LaTeX Font Info:    Checking defaults for OMS/cmsy/m/n on input line 5.
LaTeX Font Info:    ... okay on input line 5.
LaTeX Font Info:    Checking defaults for OMX/cmex/m/n on input line 5.
LaTeX Font Info:    ... okay on input line 5.
LaTeX Font Info:    Checking defaults for U/cmr/m/n on input line 5.
LaTeX Font Info:    ... okay on input line 5.
 (C:\texmf\tex\context\base\supp-pdf.tex
(C:\texmf\tex\context\base\supp-mis.tex
loading : Context Support Macros / Missing
\protectiondepth=\count88
\scratchcounter=\count89
\scratchdimen=\dimen105
\scratchskip=\skip43
\scratchmuskip=\muskip10
\scratchbox=\box26
\scratchread=\read1
\scratchwrite=\write3
\nextbox=\box27
\nextdepth=\dimen106
\everyline=\toks15
\!!counta=\count90
\!!countb=\count91
\recursecounter=\count92
)
loading : Context Support Macros / PDF
\nofMPsegments=\count93
\nofMParguments=\count94
)
LaTeX Font Info:    External font `cmex10' loaded for size
(Font)              <12> on input line 6.
LaTeX Font Info:    External font `cmex10' loaded for size
(Font)              <8> on input line 6.
LaTeX Font Info:    External font `cmex10' loaded for size
(Font)              <6> on input line 6.
 [1

{psfonts.map}] (report.toc
LaTeX Font Info:    External font `cmex10' loaded for size
(Font)              <10.95> on input line 4.
)
\tf@toc=\write4
 [1]
Underfull \hbox (badness 10000) in paragraph at lines 16--27

 []


Underfull \hbox (badness 10000) in paragraph at lines 16--27

 []


Underfull \hbox (badness 10000) in paragraph at lines 32--46

 []


Underfull \hbox (badness 10000) in paragraph at lines 32--46

 []


Underfull \hbox (badness 10000) in paragraph at lines 32--46

 []


Underfull \hbox (badness 10000) in paragraph at lines 32--46

 []


Underfull \hbox (badness 10000) in paragraph at lines 32--46

 []


Underfull \hbox (badness 10000) in paragraph at lines 32--46

 []

[2] [3] <snapshot7.png, id=50, 1156.32pt x 867.24pt>
File: snapshot7.png Graphic file (type png)
 <use snapshot7.png>
<snapshot8.png, id=51, 1156.32pt x 867.24pt>
File: snapshot8.png Graphic file (type png)
 <use snapshot8.png>
<snapshot9.png, id=52, 1156.32pt x 867.24pt>
File: snapshot9.png Graphic file (type png)
 <use snapshot9.png>
<snapshot10.png, id=53, 1156.32pt x 867.24pt>
File: snapshot10.png Graphic file (type png)
 <use snapshot10.png>
<snapshot11.png, id=54, 1156.32pt x 867.24pt>
File: snapshot11.png Graphic file (type png)
 <use snapshot11.png> [4 <snapshot7.png>] [5 <snapshot8.png> <snapshot9.png>] [
6 <snapshot10.png> <snapshot11.png>] <snapshot1.png, id=65, 1156.32pt x 867.24p
t>
File: snapshot1.png Graphic file (type png)
 <use snapshot1.png>
<snapshot4.png, id=66, 1156.32pt x 867.24pt>
File: snapshot4.png Graphic file (type png)
 <use snapshot4.png>
<snapshot5.png, id=67, 1156.32pt x 867.24pt>
File: snapshot5.png Graphic file (type png)
 <use snapshot5.png>
<snapshot6.png, id=68, 1156.32pt x 867.24pt>
File: snapshot6.png Graphic file (type png)
 <use snapshot6.png> [7 <snapshot1.png>] [8 <snapshot4.png> <snapshot5.png>] [9
 <snapshot6.png>] (report.aux)

LaTeX Warning: There were multiply-defined labels.

 )<cmex10.pfb><cmsy10.pfb><cmr8.pfb><cmsy8.pfb><cmmi8.pfb><cmmi10.pfb><cmti10.p
fb><cmr10.pfb><cmbx10.pfb><cmbx12.pfb><cmr12.pfb><cmr17.pfb>
Output written on report.pdf (10 pages, 805077 bytes).
