This is pdfeTeXk, Version 3.141592-1.21a-2.2 (Web2C 7.5.4) (format=pdflatex 2005.9.6)  19 FEB 2007 01:42
entering extended mode
 file:line:error style messages enabled.
**/mnt/ABRIE_S_IPO/downloads/final/Report/report.tex
(/mnt/ABRIE_S_IPO/downloads/final/Report/report.tex
LaTeX2e <2003/12/01>
Babel <v3.8d> and hyphenation patterns for american, french, german, ngerman, b
ahasa, basque, bulgarian, catalan, croatian, czech, danish, dutch, esperanto, e
stonian, finnish, greek, icelandic, irish, italian, latin, magyar, norsk, polis
h, portuges, romanian, russian, serbian, slovak, slovene, spanish, swedish, tur
kish, ukrainian, nohyphenation, loaded.
(/usr/share/texmf/tex/latex/base/article.cls
Document Class: article 2004/02/16 v1.4f Standard LaTeX document class
(/usr/share/texmf/tex/latex/base/size11.clo
File: size11.clo 2004/02/16 v1.4f Standard LaTeX file (size option)
)
\c@part=\count79
\c@section=\count80
\c@subsection=\count81
\c@subsubsection=\count82
\c@paragraph=\count83
\c@subparagraph=\count84
\c@figure=\count85
\c@table=\count86
\abovecaptionskip=\skip41
\belowcaptionskip=\skip42
\bibindent=\dimen102
)
(/usr/share/texmf/tex/latex/graphics/graphicx.sty
Package: graphicx 1999/02/16 v1.0f Enhanced LaTeX Graphics (DPC,SPQR)

(/usr/share/texmf/tex/latex/graphics/keyval.sty
Package: keyval 1999/03/16 v1.13 key=value parser (DPC)
\KV@toks@=\toks14
)
(/usr/share/texmf/tex/latex/graphics/graphics.sty
Package: graphics 2001/07/07 v1.0n Standard LaTeX Graphics (DPC,SPQR)

(/usr/share/texmf/tex/latex/graphics/trig.sty
Package: trig 1999/03/16 v1.09 sin cos tan (DPC)
)
(/usr/share/texmf/tex/latex/graphics/graphics.cfg
File: graphics.cfg 2005/02/03 v1.3 graphics configuration of teTeX/TeXLive
)
Package graphics Info: Driver file: pdftex.def on input line 80.

(/usr/share/texmf/tex/latex/graphics/pdftex.def
File: pdftex.def 2002/06/19 v0.03k graphics/color for pdftex
\Gread@gobject=\count87
))
\Gin@req@height=\dimen103
\Gin@req@width=\dimen104
) (./report.aux)
\openout1 = `report.aux'.

LaTeX Font Info:    Checking defaults for OML/cmm/m/it on input line 7.
LaTeX Font Info:    ... okay on input line 7.
LaTeX Font Info:    Checking defaults for T1/cmr/m/n on input line 7.
LaTeX Font Info:    ... okay on input line 7.
LaTeX Font Info:    Checking defaults for OT1/cmr/m/n on input line 7.
LaTeX Font Info:    ... okay on input line 7.
LaTeX Font Info:    Checking defaults for OMS/cmsy/m/n on input line 7.
LaTeX Font Info:    ... okay on input line 7.
LaTeX Font Info:    Checking defaults for OMX/cmex/m/n on input line 7.
LaTeX Font Info:    ... okay on input line 7.
LaTeX Font Info:    Checking defaults for U/cmr/m/n on input line 7.
LaTeX Font Info:    ... okay on input line 7.

(/usr/share/texmf/tex/context/base/supp-pdf.tex
(/usr/share/texmf/tex/context/base/supp-mis.tex
loading : Context Support Macros / Miscellaneous (2004.10.26)
\protectiondepth=\count88
\scratchcounter=\count89
\scratchtoks=\toks15
\scratchdimen=\dimen105
\scratchskip=\skip43
\scratchmuskip=\muskip10
\scratchbox=\box26
\scratchread=\read1
\scratchwrite=\write3
\zeropoint=\dimen106
\onepoint=\dimen107
\onebasepoint=\dimen108
\minusone=\count90
\thousandpoint=\dimen109
\onerealpoint=\dimen110
\emptytoks=\toks16
\nextbox=\box27
\nextdepth=\dimen111
\everyline=\toks17
\!!counta=\count91
\!!countb=\count92
\recursecounter=\count93
)
loading : Context Support Macros / PDF (2004.03.26)
\nofMPsegments=\count94
\nofMParguments=\count95
\MPscratchCnt=\count96
\MPscratchDim=\dimen112
\MPnumerator=\count97
\everyMPtoPDFconversion=\toks18
)
LaTeX Font Info:    External font `cmex10' loaded for size
(Font)              <12> on input line 8.
LaTeX Font Info:    External font `cmex10' loaded for size
(Font)              <8> on input line 8.
LaTeX Font Info:    External font `cmex10' loaded for size
(Font)              <6> on input line 8.
 [1

{/usr/share/texmf-var/fonts/map/pdftex/updmap/pdftex.map}] (./report.toc
LaTeX Font Info:    External font `cmex10' loaded for size
(Font)              <10.95> on input line 3.
)
\tf@toc=\write4
\openout4 = `report.toc'.


[1] (./report.lof)
\tf@lof=\write5
\openout5 = `report.lof'.

 [2] [3] [4] [5]
<Vitruvian.png, id=35, 180.675pt x 252.945pt>
File: Vitruvian.png Graphic file (type png)
 <use Vitruvian.png> [6 <./Vitruvian.png>] [7] [8] [9] [10]

LaTeX Warning: Citation `colourclassifier' on page 11 undefined on input line 1
48.

<edge.png, id=55, 883.3pt x 611.28375pt>
File: edge.png Graphic file (type png)
 <use edge.png> [11] [12 <./edge.png>]
<boxes.png, id=81, 883.3pt x 611.28375pt>
File: boxes.png Graphic file (type png)
 <use boxes.png> [13]
<trig.png, id=85, 883.3pt x 611.28375pt>
File: trig.png Graphic file (type png)
 <use trig.png> [14 <./boxes.png>]
[15 <./trig.png>] [16] <gui.png, id=98, 893.3375pt x 661.47125pt>
File: gui.png Graphic file (type png)

<use gui.png> [17] <fast.png, id=102, 883.3pt x 611.28375pt>
File: fast.png Graphic file (type png)
 <use fast.png>
<perp.png, id=103, 883.3pt x 611.28375pt>
File: perp.png Graphic file (type png)
 <use perp.png> [18 <./gui.png>]
[19 <./fast.png> <./perp.png>] [20]
Underfull \hbox (badness 10000) in paragraph at lines 393--396
[]\OT1/cmr/m/n/10.95 Axis Aligned Bound-ing Box, \OT1/cmr/m/it/10.95 Bound-ing 
Vol-ume -
 []


Underfull \hbox (badness 10000) in paragraph at lines 393--396
\OT1/cmr/m/it/10.95 Wikipedia, the free en-cy-clo-pe-dia\OT1/cmr/m/n/10.95 , [O
n-line], Avail-able from
 []


Underfull \hbox (badness 2073) in paragraph at lines 421--424
[]\OT1/cmr/m/n/10.95 GTK+, \OT1/cmr/m/it/10.95 GTK+ - The GIMP Toolkit\OT1/cmr/
m/n/10.95 , [On-line], Avail-able from
 []


Underfull \hbox (badness 1946) in paragraph at lines 428--431
[]\OT1/cmr/m/n/10.95 The MPEG Soft-ware Sim-u-la-tion Group, \OT1/cmr/m/it/10.9
5 MPEG.ORG - MPEG
 []


Underfull \hbox (badness 6001) in paragraph at lines 428--431
\OT1/cmr/m/it/10.95 Soft-ware Sim-u-la-tion Group (MSSG)\OT1/cmr/m/n/10.95 , [O
n-line], Avail-able from
 []


Underfull \hbox (badness 10000) in paragraph at lines 436--439
[]\OT1/cmr/m/n/10.95 Oriented Bound-ing Box, \OT1/cmr/m/it/10.95 flip-code - 2D

 []


Underfull \hbox (badness 10000) in paragraph at lines 436--439
\OT1/cmr/m/it/10.95 OBB In-ter-sec-tion\OT1/cmr/m/n/10.95 , [On-line], Avail-ab
le from
 []


Underfull \hbox (badness 10000) in paragraph at lines 436--439
\OT1/cmr/m/it/10.95 http://www.flipcode.com/cgi-bin/msg.cgi?showThread=COTD-
 []


Underfull \hbox (badness 10000) in paragraph at lines 440--443
[]\OT1/cmr/m/n/10.95 Qt, \OT1/cmr/m/it/10.95 Qt - Troll-tech\OT1/cmr/m/n/10.95 
, [On-line], Avail-able from
 []


Underfull \hbox (badness 3049) in paragraph at lines 447--450
[]\OT1/cmr/m/n/10.95 Video4Linux, \OT1/cmr/m/it/10.95 Main Page - V4LWiki\OT1/c
mr/m/n/10.95 , [On-line], Avail-able from
 []


Underfull \hbox (badness 10000) in paragraph at lines 451--454
[]\OT1/cmr/m/n/10.95 Wikipedia, the free en-cy-clo-pe-dia, \OT1/cmr/m/it/10.95 
Body Pro-por-tions -
 []


Underfull \hbox (badness 10000) in paragraph at lines 451--454
\OT1/cmr/m/it/10.95 Wikipedia, the free en-cy-clo-pe-dia\OT1/cmr/m/n/10.95 , [O
n-line], Avail-able from
 []

[21] [22] (./report.aux)

LaTeX Warning: There were undefined references.

 ) 
Here is how much of TeX's memory you used:
 972 strings out of 94500
 11672 string characters out of 1169432
 61013 words of memory out of 4000000
 4173 multiletter control sequences out of 10000+50000
 9325 words of font info for 33 fonts, out of 500000 for 2000
 580 hyphenation exceptions out of 1000
 25i,8n,19p,971b,240s stack positions out of 3000i,1500n,5000p,200000b,15000s
PDF statistics:
 119 PDF objects out of 300000
 0 named destinations out of 131072
 36 words of extra memory for PDF output out of 65536
</usr/share/texmf/fonts/type1/bluesky/cm/cmtt10.pfb></usr/share/texmf/fonts/t
ype1/bluesky/cm/cmsy8.pfb></usr/share/texmf/fonts/type1/bluesky/cm/cmsy10.pfb><
/usr/share/texmf/fonts/type1/bluesky/cm/cmex10.pfb></usr/share/texmf/fonts/type
1/bluesky/cm/cmmi8.pfb></usr/share/texmf/fonts/type1/bluesky/cm/cmmi10.pfb></us
r/share/texmf/fonts/type1/bluesky/cm/cmti10.pfb></usr/share/texmf/fonts/type1/b
luesky/cm/cmr8.pfb></usr/share/texmf/fonts/type1/bluesky/cm/cmr10.pfb></usr/sha
re/texmf/fonts/type1/bluesky/cm/cmbx10.pfb></usr/share/texmf/fonts/type1/bluesk
y/cm/cmbx12.pfb></usr/share/texmf/fonts/type1/bluesky/cm/cmr12.pfb></usr/share/
texmf/fonts/type1/bluesky/cm/cmr17.pfb>
Output written on report.pdf (23 pages, 1221011 bytes).
