This is pdfTeX, Version 3.14159-14f-released-20000525 (MiKTeX 2.1) (preloaded format=latex 2000.11.28)  27 JUN 2006 17:03
**F:/Hons/AI/projek*6/report.tex
(F:/Hons/AI/projek 6/report.tex{pdftex.cfg}
LaTeX2e <2001/06/01>
Babel <v3.7h> and hyphenation patterns for english, french, german, ngerman, du
mylang, nohyphenation, loaded.
(C:\texmf\tex\latex\base\article.cls
Document Class: article 2001/04/21 v1.4e Standard LaTeX document class
(C:\texmf\tex\latex\base\size11.clo
File: size11.clo 2001/04/21 v1.4e Standard LaTeX file (size option)
)
\c@part=\count79
\c@section=\count80
\c@subsection=\count81
\c@subsubsection=\count82
\c@paragraph=\count83
\c@subparagraph=\count84
\c@figure=\count85
\c@table=\count86
\abovecaptionskip=\skip41
\belowcaptionskip=\skip42
\bibindent=\dimen102
) (C:\texmf\tex\latex\graphics\graphicx.sty
Package: graphicx 1999/02/16 v1.0f Enhanced LaTeX Graphics (DPC,SPQR)
(C:\texmf\tex\latex\graphics\keyval.sty
Package: keyval 1999/03/16 v1.13 key=value parser (DPC)
\KV@toks@=\toks14
)
(C:\texmf\tex\latex\graphics\graphics.sty
Package: graphics 2001/07/07 v1.0n Standard LaTeX Graphics (DPC,SPQR)
 (C:\texmf\tex\latex\graphics\trig.sty
Package: trig 1999/03/16 v1.09 sin cos tan (DPC)
) (C:\texmf\tex\latex\00miktex\graphics.cfg)
Package graphics Info: Driver file: pdftex.def on input line 80.

(C:\texmf\tex\latex\graphics\pdftex.def
File: pdftex.def 2001/11/29 v0.03i graphics/color for pdftex
\Gread@gobject=\count87
))
\Gin@req@height=\dimen103
\Gin@req@width=\dimen104
) (report.aux)
LaTeX Font Info:    Checking defaults for OML/cmm/m/it on input line 5.
LaTeX Font Info:    ... okay on input line 5.
LaTeX Font Info:    Checking defaults for T1/cmr/m/n on input line 5.
LaTeX Font Info:    ... okay on input line 5.
LaTeX Font Info:    Checking defaults for OT1/cmr/m/n on input line 5.
LaTeX Font Info:    ... okay on input line 5.
LaTeX Font Info:    Checking defaults for OMS/cmsy/m/n on input line 5.
LaTeX Font Info:    ... okay on input line 5.
LaTeX Font Info:    Checking defaults for OMX/cmex/m/n on input line 5.
LaTeX Font Info:    ... okay on input line 5.
LaTeX Font Info:    Checking defaults for U/cmr/m/n on input line 5.
LaTeX Font Info:    ... okay on input line 5.

(C:\texmf\tex\context\base\supp-pdf.tex (C:\texmf\tex\context\base\supp-mis.tex
loading : Context Support Macros / Missing
\protectiondepth=\count88
\scratchcounter=\count89
\scratchdimen=\dimen105
\scratchskip=\skip43
\scratchmuskip=\muskip10
\scratchbox=\box26
\scratchread=\read1
\scratchwrite=\write3
\nextbox=\box27
\nextdepth=\dimen106
\everyline=\toks15
\!!counta=\count90
\!!countb=\count91
\recursecounter=\count92
)
loading : Context Support Macros / PDF
\nofMPsegments=\count93
\nofMParguments=\count94
)
LaTeX Font Info:    External font `cmex10' loaded for size
(Font)              <12> on input line 6.
LaTeX Font Info:    External font `cmex10' loaded for size
(Font)              <8> on input line 6.
LaTeX Font Info:    External font `cmex10' loaded for size
(Font)              <6> on input line 6.
 [1

{psfonts.map}] (report.toc
LaTeX Font Info:    External font `cmex10' loaded for size
(Font)              <10.95> on input line 5.
)
\tf@toc=\write4
 <gui.png, id=11, 824.07875pt x 398.48875pt>
File: gui.png Graphic file (type png)

<use gui.png> [1 <gui.png>] <som.png, id=27, 391.4625pt x 373.395pt>
File: som.png Graphic file (type png)

<use som.png> <umap.png, id=28, 393.47pt x 370.38374pt>
File: umap.png Graphic file (type png)
 <use umap.png> [2 <som.png>] [3 <umap.png>] [4] [5] [6] [7] [8] [9] [10] [11]
Overfull \hbox (82.64896pt too wide) in paragraph at lines 508--508
[]/cmtt10@10.95pt/./database/1/lowres16/8lr.int was classified in ./database/1/
lowres16/1lr.int[] 
 []


Overfull \hbox (88.39764pt too wide) in paragraph at lines 508--508
[]/cmtt10@10.95pt/./database/1/lowres16/9lr.int was classified in ./database/39
/lowres16/5lr.int[] 
 []


Overfull \hbox (82.64896pt too wide) in paragraph at lines 508--508
[]/cmtt10@10.95pt/./database/2/lowres16/8lr.int was classified in ./database/2/
lowres16/2lr.int[] 
 []


Overfull \hbox (82.64896pt too wide) in paragraph at lines 508--508
[]/cmtt10@10.95pt/./database/2/lowres16/9lr.int was classified in ./database/2/
lowres16/4lr.int[] 
 []


Overfull \hbox (82.64896pt too wide) in paragraph at lines 508--508
[]/cmtt10@10.95pt/./database/3/lowres16/8lr.int was classified in ./database/3/
lowres16/7lr.int[] 
 []


Overfull \hbox (88.39764pt too wide) in paragraph at lines 508--508
[]/cmtt10@10.95pt/./database/3/lowres16/9lr.int was classified in ./database/38
/lowres16/5lr.int[] 
 []


Overfull \hbox (82.64896pt too wide) in paragraph at lines 508--508
[]/cmtt10@10.95pt/./database/4/lowres16/8lr.int was classified in ./database/4/
lowres16/2lr.int[] 
 []


Overfull \hbox (82.64896pt too wide) in paragraph at lines 508--508
[]/cmtt10@10.95pt/./database/4/lowres16/9lr.int was classified in ./database/4/
lowres16/4lr.int[] 
 []


Overfull \hbox (82.64896pt too wide) in paragraph at lines 508--508
[]/cmtt10@10.95pt/./database/5/lowres16/8lr.int was classified in ./database/5/
lowres16/5lr.int[] 
 []


Overfull \hbox (88.39764pt too wide) in paragraph at lines 508--508
[]/cmtt10@10.95pt/./database/5/lowres16/9lr.int was classified in ./database/26
/lowres16/7lr.int[] 
 []


Overfull \hbox (82.64896pt too wide) in paragraph at lines 508--508
[]/cmtt10@10.95pt/./database/6/lowres16/8lr.int was classified in ./database/6/
lowres16/2lr.int[] 
 []


Overfull \hbox (82.64896pt too wide) in paragraph at lines 508--508
[]/cmtt10@10.95pt/./database/6/lowres16/9lr.int was classified in ./database/6/
lowres16/5lr.int[] 
 []


Overfull \hbox (82.64896pt too wide) in paragraph at lines 508--508
[]/cmtt10@10.95pt/./database/7/lowres16/8lr.int was classified in ./database/7/
lowres16/4lr.int[] 
 []


Overfull \hbox (82.64896pt too wide) in paragraph at lines 508--508
[]/cmtt10@10.95pt/./database/7/lowres16/9lr.int was classified in ./database/7/
lowres16/4lr.int[] 
 []


Overfull \hbox (82.64896pt too wide) in paragraph at lines 508--508
[]/cmtt10@10.95pt/./database/8/lowres16/8lr.int was classified in ./database/8/
lowres16/1lr.int[] 
 []


Overfull \hbox (82.64896pt too wide) in paragraph at lines 508--508
[]/cmtt10@10.95pt/./database/8/lowres16/9lr.int was classified in ./database/8/
lowres16/4lr.int[] 
 []


Overfull \hbox (82.64896pt too wide) in paragraph at lines 508--508
[]/cmtt10@10.95pt/./database/9/lowres16/8lr.int was classified in ./database/9/
lowres16/7lr.int[] 
 []


Overfull \hbox (88.39764pt too wide) in paragraph at lines 508--508
[]/cmtt10@10.95pt/./database/9/lowres16/9lr.int was classified in ./database/38
/lowres16/3lr.int[] 
 []


Overfull \hbox (94.14633pt too wide) in paragraph at lines 508--508
[]/cmtt10@10.95pt/./database/10/lowres16/8lr.int was classified in ./database/1
0/lowres16/4lr.int[] 
 []


Overfull \hbox (94.14633pt too wide) in paragraph at lines 508--508
[]/cmtt10@10.95pt/./database/10/lowres16/9lr.int was classified in ./database/1
0/lowres16/1lr.int[] 
 []


Overfull \hbox (88.39764pt too wide) in paragraph at lines 508--508
[]/cmtt10@10.95pt/./database/11/lowres16/8lr.int was classified in ./database/4
/lowres16/6lr.int[] 
 []


Overfull \hbox (88.39764pt too wide) in paragraph at lines 508--508
[]/cmtt10@10.95pt/./database/11/lowres16/9lr.int was classified in ./database/4
/lowres16/3lr.int[] 
 []


Overfull \hbox (94.14633pt too wide) in paragraph at lines 508--508
[]/cmtt10@10.95pt/./database/12/lowres16/8lr.int was classified in ./database/1
2/lowres16/3lr.int[] 
 []


Overfull \hbox (94.14633pt too wide) in paragraph at lines 508--508
[]/cmtt10@10.95pt/./database/12/lowres16/9lr.int was classified in ./database/1
2/lowres16/1lr.int[] 
 []


Overfull \hbox (94.14633pt too wide) in paragraph at lines 508--508
[]/cmtt10@10.95pt/./database/13/lowres16/8lr.int was classified in ./database/1
3/lowres16/1lr.int[] 
 []


Overfull \hbox (94.14633pt too wide) in paragraph at lines 508--508
[]/cmtt10@10.95pt/./database/13/lowres16/9lr.int was classified in ./database/1
3/lowres16/6lr.int[] 
 []


Overfull \hbox (94.14633pt too wide) in paragraph at lines 508--508
[]/cmtt10@10.95pt/./database/14/lowres16/8lr.int was classified in ./database/1
4/lowres16/7lr.int[] 
 []


Overfull \hbox (94.14633pt too wide) in paragraph at lines 508--508
[]/cmtt10@10.95pt/./database/14/lowres16/9lr.int was classified in ./database/1
1/lowres16/3lr.int[] 
 []

[12]
Overfull \hbox (94.14633pt too wide) in paragraph at lines 508--508
[]/cmtt10@10.95pt/./database/15/lowres16/8lr.int was classified in ./database/1
5/lowres16/6lr.int[] 
 []


Overfull \hbox (94.14633pt too wide) in paragraph at lines 508--508
[]/cmtt10@10.95pt/./database/15/lowres16/9lr.int was classified in ./database/1
2/lowres16/2lr.int[] 
 []


Overfull \hbox (88.39764pt too wide) in paragraph at lines 508--508
[]/cmtt10@10.95pt/./database/16/lowres16/8lr.int was classified in ./database/4
/lowres16/3lr.int[] 
 []


Overfull \hbox (88.39764pt too wide) in paragraph at lines 508--508
[]/cmtt10@10.95pt/./database/16/lowres16/9lr.int was classified in ./database/1
/lowres16/1lr.int[] 
 []


Overfull \hbox (94.14633pt too wide) in paragraph at lines 508--508
[]/cmtt10@10.95pt/./database/17/lowres16/8lr.int was classified in ./database/1
7/lowres16/7lr.int[] 
 []


Overfull \hbox (88.39764pt too wide) in paragraph at lines 508--508
[]/cmtt10@10.95pt/./database/17/lowres16/9lr.int was classified in ./database/7
/lowres16/1lr.int[] 
 []


Overfull \hbox (88.39764pt too wide) in paragraph at lines 508--508
[]/cmtt10@10.95pt/./database/18/lowres16/8lr.int was classified in ./database/8
/lowres16/2lr.int[] 
 []


Overfull \hbox (94.14633pt too wide) in paragraph at lines 508--508
[]/cmtt10@10.95pt/./database/18/lowres16/9lr.int was classified in ./database/1
8/lowres16/6lr.int[] 
 []


Overfull \hbox (94.14633pt too wide) in paragraph at lines 508--508
[]/cmtt10@10.95pt/./database/19/lowres16/8lr.int was classified in ./database/1
9/lowres16/7lr.int[] 
 []


Overfull \hbox (94.14633pt too wide) in paragraph at lines 508--508
[]/cmtt10@10.95pt/./database/19/lowres16/9lr.int was classified in ./database/1
9/lowres16/6lr.int[] 
 []


Overfull \hbox (94.14633pt too wide) in paragraph at lines 508--508
[]/cmtt10@10.95pt/./database/20/lowres16/8lr.int was classified in ./database/2
0/lowres16/6lr.int[] 
 []


Overfull \hbox (94.14633pt too wide) in paragraph at lines 508--508
[]/cmtt10@10.95pt/./database/20/lowres16/9lr.int was classified in ./database/2
3/lowres16/3lr.int[] 
 []


Overfull \hbox (94.14633pt too wide) in paragraph at lines 508--508
[]/cmtt10@10.95pt/./database/21/lowres16/8lr.int was classified in ./database/3
0/lowres16/7lr.int[] 
 []


Overfull \hbox (94.14633pt too wide) in paragraph at lines 508--508
[]/cmtt10@10.95pt/./database/21/lowres16/9lr.int was classified in ./database/2
1/lowres16/3lr.int[] 
 []


Overfull \hbox (94.14633pt too wide) in paragraph at lines 508--508
[]/cmtt10@10.95pt/./database/22/lowres16/8lr.int was classified in ./database/2
2/lowres16/4lr.int[] 
 []


Overfull \hbox (94.14633pt too wide) in paragraph at lines 508--508
[]/cmtt10@10.95pt/./database/22/lowres16/9lr.int was classified in ./database/2
2/lowres16/6lr.int[] 
 []


Overfull \hbox (94.14633pt too wide) in paragraph at lines 508--508
[]/cmtt10@10.95pt/./database/23/lowres16/8lr.int was classified in ./database/3
8/lowres16/2lr.int[] 
 []


Overfull \hbox (88.39764pt too wide) in paragraph at lines 508--508
[]/cmtt10@10.95pt/./database/23/lowres16/9lr.int was classified in ./database/7
/lowres16/1lr.int[] 
 []


Overfull \hbox (94.14633pt too wide) in paragraph at lines 508--508
[]/cmtt10@10.95pt/./database/24/lowres16/8lr.int was classified in ./database/2
4/lowres16/3lr.int[] 
 []


Overfull \hbox (94.14633pt too wide) in paragraph at lines 508--508
[]/cmtt10@10.95pt/./database/24/lowres16/9lr.int was classified in ./database/2
4/lowres16/7lr.int[] 
 []


Overfull \hbox (94.14633pt too wide) in paragraph at lines 508--508
[]/cmtt10@10.95pt/./database/25/lowres16/8lr.int was classified in ./database/3
8/lowres16/3lr.int[] 
 []


Overfull \hbox (88.39764pt too wide) in paragraph at lines 508--508
[]/cmtt10@10.95pt/./database/25/lowres16/9lr.int was classified in ./database/5
/lowres16/7lr.int[] 
 []


Overfull \hbox (94.14633pt too wide) in paragraph at lines 508--508
[]/cmtt10@10.95pt/./database/26/lowres16/8lr.int was classified in ./database/2
5/lowres16/1lr.int[] 
 []


Overfull \hbox (88.39764pt too wide) in paragraph at lines 508--508
[]/cmtt10@10.95pt/./database/26/lowres16/9lr.int was classified in ./database/9
/lowres16/2lr.int[] 
 []


Overfull \hbox (88.39764pt too wide) in paragraph at lines 508--508
[]/cmtt10@10.95pt/./database/27/lowres16/8lr.int was classified in ./database/8
/lowres16/4lr.int[] 
 []


Overfull \hbox (94.14633pt too wide) in paragraph at lines 508--508
[]/cmtt10@10.95pt/./database/27/lowres16/9lr.int was classified in ./database/2
7/lowres16/7lr.int[] 
 []


Overfull \hbox (94.14633pt too wide) in paragraph at lines 508--508
[]/cmtt10@10.95pt/./database/28/lowres16/8lr.int was classified in ./database/2
8/lowres16/3lr.int[] 
 []


Overfull \hbox (94.14633pt too wide) in paragraph at lines 508--508
[]/cmtt10@10.95pt/./database/28/lowres16/9lr.int was classified in ./database/3
7/lowres16/1lr.int[] 
 []


Overfull \hbox (94.14633pt too wide) in paragraph at lines 508--508
[]/cmtt10@10.95pt/./database/29/lowres16/8lr.int was classified in ./database/2
9/lowres16/6lr.int[] 
 []


Overfull \hbox (94.14633pt too wide) in paragraph at lines 508--508
[]/cmtt10@10.95pt/./database/29/lowres16/9lr.int was classified in ./database/3
8/lowres16/7lr.int[] 
 []


Overfull \hbox (94.14633pt too wide) in paragraph at lines 508--508
[]/cmtt10@10.95pt/./database/30/lowres16/8lr.int was classified in ./database/3
0/lowres16/3lr.int[] 
 []


Overfull \hbox (94.14633pt too wide) in paragraph at lines 508--508
[]/cmtt10@10.95pt/./database/30/lowres16/9lr.int was classified in ./database/3
0/lowres16/5lr.int[] 
 []


Overfull \hbox (94.14633pt too wide) in paragraph at lines 508--508
[]/cmtt10@10.95pt/./database/31/lowres16/8lr.int was classified in ./database/2
1/lowres16/1lr.int[] 
 []


Overfull \hbox (94.14633pt too wide) in paragraph at lines 508--508
[]/cmtt10@10.95pt/./database/31/lowres16/9lr.int was classified in ./database/3
1/lowres16/7lr.int[] 
 []


Overfull \hbox (88.39764pt too wide) in paragraph at lines 508--508
[]/cmtt10@10.95pt/./database/32/lowres16/8lr.int was classified in ./database/7
/lowres16/4lr.int[] 
 []


Overfull \hbox (94.14633pt too wide) in paragraph at lines 508--508
[]/cmtt10@10.95pt/./database/32/lowres16/9lr.int was classified in ./database/1
9/lowres16/3lr.int[] 
 []


Overfull \hbox (94.14633pt too wide) in paragraph at lines 508--508
[]/cmtt10@10.95pt/./database/33/lowres16/8lr.int was classified in ./database/2
9/lowres16/4lr.int[] 
 []


Overfull \hbox (94.14633pt too wide) in paragraph at lines 508--508
[]/cmtt10@10.95pt/./database/33/lowres16/9lr.int was classified in ./database/3
3/lowres16/5lr.int[] 
 []


Overfull \hbox (94.14633pt too wide) in paragraph at lines 508--508
[]/cmtt10@10.95pt/./database/34/lowres16/8lr.int was classified in ./database/3
4/lowres16/6lr.int[] 
 []


Overfull \hbox (94.14633pt too wide) in paragraph at lines 508--508
[]/cmtt10@10.95pt/./database/34/lowres16/9lr.int was classified in ./database/3
4/lowres16/2lr.int[] 
 []


Overfull \hbox (94.14633pt too wide) in paragraph at lines 508--508
[]/cmtt10@10.95pt/./database/35/lowres16/8lr.int was classified in ./database/2
5/lowres16/4lr.int[] 
 []


Overfull \hbox (94.14633pt too wide) in paragraph at lines 508--508
[]/cmtt10@10.95pt/./database/35/lowres16/9lr.int was classified in ./database/3
5/lowres16/7lr.int[] 
 []


Overfull \hbox (88.39764pt too wide) in paragraph at lines 508--508
[]/cmtt10@10.95pt/./database/36/lowres16/8lr.int was classified in ./database/8
/lowres16/6lr.int[] 
 []


Overfull \hbox (94.14633pt too wide) in paragraph at lines 508--508
[]/cmtt10@10.95pt/./database/36/lowres16/9lr.int was classified in ./database/1
7/lowres16/5lr.int[] 
 []

[13]
Overfull \hbox (94.14633pt too wide) in paragraph at lines 508--508
[]/cmtt10@10.95pt/./database/37/lowres16/8lr.int was classified in ./database/3
7/lowres16/1lr.int[] 
 []


Overfull \hbox (94.14633pt too wide) in paragraph at lines 508--508
[]/cmtt10@10.95pt/./database/37/lowres16/9lr.int was classified in ./database/3
7/lowres16/6lr.int[] 
 []


Overfull \hbox (94.14633pt too wide) in paragraph at lines 508--508
[]/cmtt10@10.95pt/./database/38/lowres16/8lr.int was classified in ./database/3
8/lowres16/4lr.int[] 
 []


Overfull \hbox (94.14633pt too wide) in paragraph at lines 508--508
[]/cmtt10@10.95pt/./database/38/lowres16/9lr.int was classified in ./database/3
8/lowres16/3lr.int[] 
 []


Overfull \hbox (94.14633pt too wide) in paragraph at lines 508--508
[]/cmtt10@10.95pt/./database/39/lowres16/8lr.int was classified in ./database/2
9/lowres16/2lr.int[] 
 []


Overfull \hbox (94.14633pt too wide) in paragraph at lines 508--508
[]/cmtt10@10.95pt/./database/39/lowres16/9lr.int was classified in ./database/3
3/lowres16/2lr.int[] 
 []


Overfull \hbox (88.39764pt too wide) in paragraph at lines 508--508
[]/cmtt10@10.95pt/./database/40/lowres16/8lr.int was classified in ./database/8
/lowres16/2lr.int[] 
 []


Overfull \hbox (94.14633pt too wide) in paragraph at lines 508--508
[]/cmtt10@10.95pt/./database/40/lowres16/9lr.int was classified in ./database/4
0/lowres16/7lr.int[] 
 []

[14] (report.aux) )<cmtt10.pfb><cmti10.pfb><cmr10.pfb><cmbx10.pfb><cmbx12.pfb><
cmr12.pfb><cmr17.pfb>
Output written on report.pdf (15 pages, 105650 bytes).
